<?xml version="1.0" encoding="UTF-8"?>
<!-- Generated by org.testng.reporters.JUnitReportReporter -->
<testsuite skipped="1" hostname="DESKTOP-AMSG348" name="dec_21.TestNG_Annotations" tests="2" failures="0" timestamp="2019-12-21T13:18:26 IST" time="0.005" errors="0">
  <testcase name="atTest01" time="0.005" classname="dec_21.TestNG_Annotations"/>
  <testcase name="atTest02" classname="dec_21.TestNG_Annotations">
    <skipped/>
  </testcase> <!-- atTest02 -->
</testsuite> <!-- dec_21.TestNG_Annotations -->
