<?xml version="1.0" encoding="UTF-8"?>
<!-- Generated by org.testng.reporters.JUnitReportReporter -->
<testsuite skipped="0" hostname="DESKTOP-AMSG348" name="myPack01.NaukriPopup" tests="1" failures="0" timestamp="2019-12-15T13:48:54 IST" time="29.502" errors="0">
  <testcase name="testCasde01" time="29.502" classname="myPack01.NaukriPopup"/>
</testsuite> <!-- myPack01.NaukriPopup -->
