<?xml version="1.0" encoding="UTF-8"?>
<!-- Generated by org.testng.reporters.JUnitReportReporter -->
<testsuite skipped="0" hostname="DESKTOP-AMSG348" name="sel_Demo_14Dec.DemoClass_Naukri" tests="1" failures="0" timestamp="2019-12-14T15:49:37 IST" time="74.409" errors="0">
  <testcase name="naukriTest" time="74.409" classname="sel_Demo_14Dec.DemoClass_Naukri"/>
</testsuite> <!-- sel_Demo_14Dec.DemoClass_Naukri -->
