<?xml version="1.0" encoding="UTF-8"?>
<!-- Generated by org.testng.reporters.JUnitReportReporter -->
<testsuite skipped="0" hostname="DESKTOP-AMSG348" name="myPack01.TestCase05" tests="1" failures="0" timestamp="2019-11-23T17:27:27 IST" time="62.263" errors="0">
  <testcase name="testCaseLogic" time="62.263" classname="myPack01.TestCase05"/>
</testsuite> <!-- myPack01.TestCase05 -->
