<?xml version="1.0" encoding="UTF-8"?>
<!-- Generated by org.testng.reporters.JUnitReportReporter -->
<testsuite skipped="0" hostname="DESKTOP-AMSG348" name="org.techAltum.com.TC02" tests="1" failures="0" timestamp="2019-11-24T13:32:10 IST" time="21.788" errors="0">
  <testcase name="testCasde02" time="21.788" classname="org.techAltum.com.TC02"/>
</testsuite> <!-- org.techAltum.com.TC02 -->
