<?xml version="1.0" encoding="UTF-8"?>
<!-- Generated by org.testng.reporters.JUnitReportReporter -->
<testsuite skipped="0" hostname="DESKTOP-AMSG348" name="myPack01.TestCase01" tests="1" failures="0" timestamp="2019-11-16T16:36:52 IST" time="22.142" errors="0">
  <testcase name="testFacebookRegistration" time="22.142" classname="myPack01.TestCase01"/>
</testsuite> <!-- myPack01.TestCase01 -->
