<?xml version="1.0" encoding="UTF-8"?>
<!-- Generated by org.testng.reporters.JUnitReportReporter -->
<testsuite skipped="0" hostname="DESKTOP-AMSG348" name="org.techAltum.com.TC01" tests="1" failures="0" timestamp="2019-11-24T13:44:44 IST" time="21.252" errors="0">
  <testcase name="testCase01" time="21.252" classname="org.techAltum.com.TC01"/>
</testsuite> <!-- org.techAltum.com.TC01 -->
