<?xml version="1.0" encoding="UTF-8"?>
<!-- Generated by org.testng.reporters.JUnitReportReporter -->
<testsuite skipped="0" hostname="DESKTOP-AMSG348" name="selDemo.TestCase01" tests="1" failures="0" timestamp="2019-12-01T15:56:35 IST" time="34.562" errors="0">
  <testcase name="testCaseLogic" time="34.562" classname="selDemo.TestCase01"/>
</testsuite> <!-- selDemo.TestCase01 -->
