<?xml version="1.0" encoding="UTF-8"?>
<!-- Generated by org.testng.reporters.JUnitReportReporter -->
<testsuite skipped="0" hostname="DESKTOP-AMSG348" name="dec_21.NaukriTest" tests="2" failures="0" timestamp="2019-12-21T14:13:42 IST" time="59.487" errors="0">
  <testcase name="searchNaukri" time="36.986" classname="dec_21.NaukriTest"/>
  <testcase name="searchNaukri" time="22.501" classname="dec_21.NaukriTest"/>
</testsuite> <!-- dec_21.NaukriTest -->
