<?xml version="1.0" encoding="UTF-8"?>
<!-- Generated by org.testng.reporters.JUnitReportReporter -->
<testsuite skipped="0" hostname="DESKTOP-AMSG348" name="myPack01.TestCase04" tests="1" failures="0" timestamp="2019-11-17T15:21:47 IST" time="22.024" errors="0">
  <testcase name="testCase04" time="22.024" classname="myPack01.TestCase04"/>
</testsuite> <!-- myPack01.TestCase04 -->
