<?xml version="1.0" encoding="UTF-8"?>
<!-- Generated by org.testng.reporters.JUnitReportReporter -->
<testsuite skipped="0" hostname="DESKTOP-AMSG348" name="javaP.ClassA3" tests="1" failures="0" timestamp="2019-12-01T13:46:18 IST" time="0.008" errors="0">
  <testcase name="method1" time="0.008" classname="javaP.ClassA3"/>
</testsuite> <!-- javaP.ClassA3 -->
