<?xml version="1.0" encoding="UTF-8"?>
<!-- Generated by org.testng.reporters.JUnitReportReporter -->
<testsuite skipped="0" hostname="DESKTOP-AMSG348" name="org.techAltum.com.TC04" tests="1" failures="0" timestamp="2019-12-29T13:55:36 IST" time="230.777" errors="0">
  <testcase name="testCase04" time="230.777" classname="org.techAltum.com.TC04"/>
</testsuite> <!-- org.techAltum.com.TC04 -->
