<?xml version="1.0" encoding="UTF-8"?>
<!-- Generated by org.testng.reporters.JUnitReportReporter -->
<testsuite skipped="0" hostname="DESKTOP-AMSG348" name="dec_21.Test03" tests="1" failures="0" timestamp="2019-12-21T13:56:17 IST" time="27.671" errors="0">
  <testcase name="flipkartTest" time="27.671" classname="dec_21.Test03"/>
</testsuite> <!-- dec_21.Test03 -->
