<?xml version="1.0" encoding="UTF-8"?>
<!-- Generated by org.testng.reporters.JUnitReportReporter -->
<testsuite skipped="0" hostname="DESKTOP-AMSG348" name="org.techAltum.com.TC04" tests="1" failures="0" timestamp="2019-12-01T13:16:05 IST" time="20.760" errors="0">
  <testcase name="testCase04" time="20.760" classname="org.techAltum.com.TC04"/>
</testsuite> <!-- org.techAltum.com.TC04 -->
