<?xml version="1.0" encoding="UTF-8"?>
<!-- Generated by org.testng.reporters.JUnitReportReporter -->
<testsuite skipped="0" hostname="DESKTOP-AMSG348" name="myPack01.TestCase06" tests="1" failures="0" timestamp="2019-11-23T17:50:46 IST" time="19.297" errors="0">
  <testcase name="testCase04" time="19.297" classname="myPack01.TestCase06"/>
</testsuite> <!-- myPack01.TestCase06 -->
