<?xml version="1.0" encoding="UTF-8"?>
<!-- Generated by org.testng.reporters.JUnitReportReporter -->
<testsuite skipped="0" hostname="DESKTOP-AMSG348" name="myPack01.TestCase02" tests="1" failures="0" timestamp="2019-11-16T16:39:49 IST" time="20.360" errors="0">
  <testcase name="testCase02" time="20.360" classname="myPack01.TestCase02"/>
</testsuite> <!-- myPack01.TestCase02 -->
